Arguments: 
  C:\Program Files\nodejs\node.exe C:\Program Files\nodejs\node_modules\yarn\bin\yarn.js

PATH: 
  C:\Users\luizg\bin;C:\Program Files\Git\mingw64\bin;C:\Program Files\Git\usr\local\bin;C:\Program Files\Git\usr\bin;C:\Program Files\Git\usr\bin;C:\Program Files\Git\mingw64\bin;C:\Program Files\Git\usr\bin;C:\Users\luizg\bin;C:\Program Files (x86)\NVIDIA Corporation\PhysX\Common;C:\WINDOWS\system32;C:\WINDOWS;C:\WINDOWS\System32\Wbem;C:\WINDOWS\System32\WindowsPowerShell\v1.0;C:\WINDOWS\System32\OpenSSH;C:\Program Files\Git\cmd;%NVM_HOME%;%NVM_SYMLINK%;C:\Program Files\Docker\Docker\resources\bin;C:\ProgramData\DockerDesktop\version-bin;C:\Users\luizg\AppData\Local\Microsoft\WindowsApps;C:\Users\luizg\AppData\Local\Programs\Microsoft VS Code\bin;C:\Users\luizg\AppData\Roaming\nvm;C:\Program Files\nodejs;C:\Program Files\Git\usr\bin\vendor_perl;C:\Program Files\Git\usr\bin\core_perl

Yarn version: 
  1.22.17

Node version: 
  16.13.2

Platform: 
  win32 x64

Trace: 
  Error: EPERM: operation not permitted, unlink 'C:\Users\luizg\Desktop\rentx\node_modules\.bin\ts-node-dev'

npm manifest: 
  {
    "name": "rentalx",
    "version": "1.0.0",
    "main": "index.js",
    "license": "MIT",
    "scripts": {
      "dev": "ts-node-dev -r tsconfig-paths/register --inspect --transpile-only --ignore-watch node_modules --respawn --interval 1000 src/shared/infra/http/server.ts",
      "typeorm": "ts-node-dev -r tsconfig-paths/register ./node_modules/typeorm/cli",
      "test": "jest"
    },
    "devDependencies": {
      "@types/bcryptjs": "^2.4.2",
      "@types/express": "^4.17.13",
      "@types/jest": "^27.0.2",
      "@types/jsonwebtoken": "^8.5.5",
      "@types/multer": "^1.4.7",
      "@types/swagger-ui-express": "^4.1.3",
      "@types/uuid": "^8.3.3",
      "@typescript-eslint/eslint-plugin": "^5.1.0",
      "eslint": "^7.2.0",
      "eslint-config-airbnb": "^18.2.1",
      "eslint-config-prettier": "^8.3.0",
      "eslint-import-resolver-typescript": "^2.5.0",
      "eslint-plugin-import": "^2.22.1",
      "eslint-plugin-import-helpers": "^1.1.0",
      "eslint-plugin-jsx-a11y": "^6.4.1",
      "eslint-plugin-prettier": "^4.0.0",
      "eslint-plugin-react": "^7.21.5",
      "eslint-plugin-react-hooks": "^4",
      "jest": "^27.3.1",
      "prettier": "^2.4.1",
      "ts-jest": "^27.0.7",
      "ts-node-dev": "^1.1.8",
      "tsconfig-paths": "^3.11.0",
      "typescript": "^4.4.4"
    },
    "dependencies": {
      "bcryptjs": "^2.4.3",
      "csv-parse": "^4.16.3",
      "express": "^4.17.1",
      "express-async-errors": "^3.1.1",
      "jsonwebtoken": "^8.5.1",
      "multer": "^1.4.3",
      "pg": "^8.7.1",
      "reflect-metadata": "^0.1.13",
      "swagger-ui-express": "^4.1.6",
      "tsyringe": "^4.6.0",
      "typeorm": "^0.2.38",
      "uuid": "^8.3.2"
    }
  }

yarn manifest: 
  No manifest

Lockfile: 
  No lockfile
